[2025-07-16T14:18:09.022+0000] {taskinstance.py:1159} INFO - Dependencies all met for dep_context=non-requeueable deps ti=<TaskInstance: banking_data_quality_dag.generate_data manual__2025-07-16T14:18:08+00:00 [queued]>
[2025-07-16T14:18:09.031+0000] {taskinstance.py:1159} INFO - Dependencies all met for dep_context=requeueable deps ti=<TaskInstance: banking_data_quality_dag.generate_data manual__2025-07-16T14:18:08+00:00 [queued]>
[2025-07-16T14:18:09.032+0000] {taskinstance.py:1361} INFO - Starting attempt 1 of 2
[2025-07-16T14:18:09.046+0000] {taskinstance.py:1382} INFO - Executing <Task(BashOperator): generate_data> on 2025-07-16 14:18:08+00:00
[2025-07-16T14:18:09.050+0000] {standard_task_runner.py:57} INFO - Started process 222 to run task
[2025-07-16T14:18:09.052+0000] {standard_task_runner.py:84} INFO - Running: ['***', 'tasks', 'run', 'banking_data_quality_dag', 'generate_data', 'manual__2025-07-16T14:18:08+00:00', '--job-id', '8', '--raw', '--subdir', 'DAGS_FOLDER/banking_dq_dag.py', '--cfg-path', '/tmp/tmpwihq6w_7']
[2025-07-16T14:18:09.055+0000] {standard_task_runner.py:85} INFO - Job 8: Subtask generate_data
[2025-07-16T14:18:09.099+0000] {task_command.py:416} INFO - Running <TaskInstance: banking_data_quality_dag.generate_data manual__2025-07-16T14:18:08+00:00 [running]> on host be9bd688ef95
[2025-07-16T14:18:09.183+0000] {taskinstance.py:1662} INFO - Exporting env vars: AIRFLOW_CTX_DAG_OWNER='***' AIRFLOW_CTX_DAG_ID='banking_data_quality_dag' AIRFLOW_CTX_TASK_ID='generate_data' AIRFLOW_CTX_EXECUTION_DATE='2025-07-16T14:18:08+00:00' AIRFLOW_CTX_TRY_NUMBER='1' AIRFLOW_CTX_DAG_RUN_ID='manual__2025-07-16T14:18:08+00:00'
[2025-07-16T14:18:09.185+0000] {subprocess.py:63} INFO - Tmp dir root location: /tmp
[2025-07-16T14:18:09.187+0000] {subprocess.py:75} INFO - Running command: ['/bin/bash', '-c', 'python /opt/***/jobs/generate_data.py']
[2025-07-16T14:18:09.199+0000] {subprocess.py:86} INFO - Output:
[2025-07-16T14:18:10.556+0000] {subprocess.py:93} INFO - ✅ Exported: customers.csv
[2025-07-16T14:18:10.557+0000] {subprocess.py:93} INFO - ✅ Exported: devices.csv
[2025-07-16T14:18:10.557+0000] {subprocess.py:93} INFO - ✅ Exported: accounts.csv
[2025-07-16T14:18:10.558+0000] {subprocess.py:93} INFO - ✅ Exported: transactions.csv
[2025-07-16T14:18:10.558+0000] {subprocess.py:93} INFO - ✅ Exported: auth_logs.csv
[2025-07-16T14:18:10.559+0000] {subprocess.py:93} INFO - ✅ Exported: customer_device.csv
[2025-07-16T14:18:10.647+0000] {subprocess.py:97} INFO - Command exited with return code 0
[2025-07-16T14:18:10.671+0000] {taskinstance.py:1400} INFO - Marking task as SUCCESS. dag_id=banking_data_quality_dag, task_id=generate_data, execution_date=20250716T141808, start_date=20250716T141809, end_date=20250716T141810
[2025-07-16T14:18:10.712+0000] {local_task_job_runner.py:228} INFO - Task exited with return code 0
[2025-07-16T14:18:10.736+0000] {taskinstance.py:2778} INFO - 1 downstream tasks scheduled from follow-on schedule check
