[2025-07-16T14:18:33.403+0000] {taskinstance.py:1159} INFO - Dependencies all met for dep_context=non-requeueable deps ti=<TaskInstance: banking_data_quality_dag.data_quality_check manual__2025-07-16T14:18:30+00:00 [queued]>
[2025-07-16T14:18:33.414+0000] {taskinstance.py:1159} INFO - Dependencies all met for dep_context=requeueable deps ti=<TaskInstance: banking_data_quality_dag.data_quality_check manual__2025-07-16T14:18:30+00:00 [queued]>
[2025-07-16T14:18:33.414+0000] {taskinstance.py:1361} INFO - Starting attempt 1 of 2
[2025-07-16T14:18:33.430+0000] {taskinstance.py:1382} INFO - Executing <Task(BashOperator): data_quality_check> on 2025-07-16 14:18:30+00:00
[2025-07-16T14:18:33.435+0000] {standard_task_runner.py:57} INFO - Started process 314 to run task
[2025-07-16T14:18:33.437+0000] {standard_task_runner.py:84} INFO - Running: ['***', 'tasks', 'run', 'banking_data_quality_dag', 'data_quality_check', 'manual__2025-07-16T14:18:30+00:00', '--job-id', '12', '--raw', '--subdir', 'DAGS_FOLDER/banking_dq_dag.py', '--cfg-path', '/tmp/tmpcr2evkm9']
[2025-07-16T14:18:33.440+0000] {standard_task_runner.py:85} INFO - Job 12: Subtask data_quality_check
[2025-07-16T14:18:33.489+0000] {task_command.py:416} INFO - Running <TaskInstance: banking_data_quality_dag.data_quality_check manual__2025-07-16T14:18:30+00:00 [running]> on host be9bd688ef95
[2025-07-16T14:18:33.573+0000] {taskinstance.py:1662} INFO - Exporting env vars: AIRFLOW_CTX_DAG_OWNER='***' AIRFLOW_CTX_DAG_ID='banking_data_quality_dag' AIRFLOW_CTX_TASK_ID='data_quality_check' AIRFLOW_CTX_EXECUTION_DATE='2025-07-16T14:18:30+00:00' AIRFLOW_CTX_TRY_NUMBER='1' AIRFLOW_CTX_DAG_RUN_ID='manual__2025-07-16T14:18:30+00:00'
[2025-07-16T14:18:33.574+0000] {subprocess.py:63} INFO - Tmp dir root location: /tmp
[2025-07-16T14:18:33.575+0000] {subprocess.py:75} INFO - Running command: ['/bin/bash', '-c', 'python /opt/***/jobs/data_quality_standards.py']
[2025-07-16T14:18:33.585+0000] {subprocess.py:86} INFO - Output:
[2025-07-16T14:18:34.592+0000] {subprocess.py:93} INFO - ✅ null_check passed for Customer.customer_id
[2025-07-16T14:18:34.593+0000] {subprocess.py:93} INFO - ✅ null_check passed for Customer.full_name
[2025-07-16T14:18:34.594+0000] {subprocess.py:93} INFO - ✅ null_check passed for Customer.gender
[2025-07-16T14:18:34.594+0000] {subprocess.py:93} INFO - ✅ null_check passed for Customer.national_id
[2025-07-16T14:18:34.594+0000] {subprocess.py:93} INFO - ✅ null_check passed for Customer.national_number
[2025-07-16T14:18:34.595+0000] {subprocess.py:93} INFO - ✅ null_check passed for Customer.date_of_birth
[2025-07-16T14:18:34.595+0000] {subprocess.py:93} INFO - ✅ null_check passed for Customer.country
[2025-07-16T14:18:34.595+0000] {subprocess.py:93} INFO - ✅ null_check passed for Customer.address
[2025-07-16T14:18:34.596+0000] {subprocess.py:93} INFO - ✅ null_check passed for Customer.email
[2025-07-16T14:18:34.596+0000] {subprocess.py:93} INFO - ✅ null_check passed for Customer.phone_number
[2025-07-16T14:18:34.596+0000] {subprocess.py:93} INFO - ✅ null_check passed for Customer.created_at
[2025-07-16T14:18:34.597+0000] {subprocess.py:93} INFO - ✅ null_check passed for Device.device_id
[2025-07-16T14:18:34.597+0000] {subprocess.py:93} INFO - ✅ null_check passed for Device.device_code
[2025-07-16T14:18:34.597+0000] {subprocess.py:93} INFO - ✅ null_check passed for Device.is_verified
[2025-07-16T14:18:34.598+0000] {subprocess.py:93} INFO - ✅ null_check passed for Device.created_at
[2025-07-16T14:18:34.599+0000] {subprocess.py:93} INFO - ✅ null_check passed for Account.account_id
[2025-07-16T14:18:34.599+0000] {subprocess.py:93} INFO - ✅ null_check passed for Account.customer_id
[2025-07-16T14:18:34.600+0000] {subprocess.py:93} INFO - ✅ null_check passed for Account.account_type
[2025-07-16T14:18:34.600+0000] {subprocess.py:93} INFO - ✅ null_check passed for Account.balance
[2025-07-16T14:18:34.601+0000] {subprocess.py:93} INFO - ✅ null_check passed for Account.status
[2025-07-16T14:18:34.601+0000] {subprocess.py:93} INFO - ✅ null_check passed for Account.created_at
[2025-07-16T14:18:34.601+0000] {subprocess.py:93} INFO - ✅ null_check passed for Transaction.transaction_id
[2025-07-16T14:18:34.602+0000] {subprocess.py:93} INFO - ✅ null_check passed for Transaction.account_id
[2025-07-16T14:18:34.602+0000] {subprocess.py:93} INFO - ✅ null_check passed for Transaction.device_id
[2025-07-16T14:18:34.602+0000] {subprocess.py:93} INFO - ✅ null_check passed for Transaction.amount
[2025-07-16T14:18:34.602+0000] {subprocess.py:93} INFO - ✅ null_check passed for Transaction.transaction_type
[2025-07-16T14:18:34.603+0000] {subprocess.py:93} INFO - ✅ null_check passed for Transaction.state
[2025-07-16T14:18:34.603+0000] {subprocess.py:93} INFO - ✅ null_check passed for Transaction.timestamp
[2025-07-16T14:18:34.603+0000] {subprocess.py:93} INFO - ✅ null_check passed for AuthLog.auth_log_id
[2025-07-16T14:18:34.603+0000] {subprocess.py:93} INFO - ✅ null_check passed for AuthLog.transaction_id
[2025-07-16T14:18:34.604+0000] {subprocess.py:93} INFO - ✅ null_check passed for AuthLog.auth_method
[2025-07-16T14:18:34.604+0000] {subprocess.py:93} INFO - ✅ null_check passed for AuthLog.auth_success
[2025-07-16T14:18:34.604+0000] {subprocess.py:93} INFO - ✅ null_check passed for AuthLog.auth_timestamp
[2025-07-16T14:18:34.605+0000] {subprocess.py:93} INFO - ✅ null_check passed for CustomerDevice.customer_id
[2025-07-16T14:18:34.605+0000] {subprocess.py:93} INFO - ✅ null_check passed for CustomerDevice.device_id
[2025-07-16T14:18:34.606+0000] {subprocess.py:93} INFO - ✅ null_check passed for CustomerDevice.is_trusted
[2025-07-16T14:18:34.606+0000] {subprocess.py:93} INFO - ✅ null_check passed for CustomerDevice.added_at
[2025-07-16T14:18:34.606+0000] {subprocess.py:93} INFO - ✅ uniqueness_check passed for Customer.national_number
[2025-07-16T14:18:34.607+0000] {subprocess.py:93} INFO - ✅ uniqueness_check passed for Customer.customer_id
[2025-07-16T14:18:34.607+0000] {subprocess.py:93} INFO - ✅ uniqueness_check passed for Device.device_id
[2025-07-16T14:18:34.607+0000] {subprocess.py:93} INFO - ✅ uniqueness_check passed for Account.account_id
[2025-07-16T14:18:34.607+0000] {subprocess.py:93} INFO - ✅ uniqueness_check passed for Transaction.transaction_id
[2025-07-16T14:18:34.608+0000] {subprocess.py:93} INFO - ✅ uniqueness_check passed for AuthLog.auth_log_id
[2025-07-16T14:18:34.608+0000] {subprocess.py:93} INFO - ✅ foreign_key_check passed for Account.customer_id
[2025-07-16T14:18:34.608+0000] {subprocess.py:93} INFO - ✅ foreign_key_check passed for Transaction.account_id
[2025-07-16T14:18:34.608+0000] {subprocess.py:93} INFO - ✅ foreign_key_check passed for Transaction.device_id
[2025-07-16T14:18:34.609+0000] {subprocess.py:93} INFO - ✅ foreign_key_check passed for AuthLog.transaction_id
[2025-07-16T14:18:34.609+0000] {subprocess.py:93} INFO - ✅ foreign_key_check passed for CustomerDevice.customer_id
[2025-07-16T14:18:34.609+0000] {subprocess.py:93} INFO - ✅ foreign_key_check passed for CustomerDevice.device_id
[2025-07-16T14:18:34.609+0000] {subprocess.py:93} INFO - ❌ Data quality issues found:
[2025-07-16T14:18:34.610+0000] {subprocess.py:93} INFO -          check_name  ...                              message
[2025-07-16T14:18:34.610+0000] {subprocess.py:93} INFO - 0  regex_check_cccd  ...  Invalid CCCD format (not 12 digits)
[2025-07-16T14:18:34.610+0000] {subprocess.py:93} INFO - 
[2025-07-16T14:18:34.610+0000] {subprocess.py:93} INFO - [1 rows x 6 columns]
[2025-07-16T14:18:34.679+0000] {subprocess.py:97} INFO - Command exited with return code 0
[2025-07-16T14:18:34.705+0000] {taskinstance.py:1400} INFO - Marking task as SUCCESS. dag_id=banking_data_quality_dag, task_id=data_quality_check, execution_date=20250716T141830, start_date=20250716T141833, end_date=20250716T141834
[2025-07-16T14:18:34.735+0000] {local_task_job_runner.py:228} INFO - Task exited with return code 0
[2025-07-16T14:18:34.756+0000] {taskinstance.py:2778} INFO - 1 downstream tasks scheduled from follow-on schedule check
