[2025-07-16T04:17:35.409+0000] {taskinstance.py:1159} INFO - Dependencies all met for dep_context=non-requeueable deps ti=<TaskInstance: banking_data_quality_dag.data_quality_check manual__2025-07-16T04:17:32.479374+00:00 [queued]>
[2025-07-16T04:17:35.423+0000] {taskinstance.py:1159} INFO - Dependencies all met for dep_context=requeueable deps ti=<TaskInstance: banking_data_quality_dag.data_quality_check manual__2025-07-16T04:17:32.479374+00:00 [queued]>
[2025-07-16T04:17:35.424+0000] {taskinstance.py:1361} INFO - Starting attempt 1 of 2
[2025-07-16T04:17:35.440+0000] {taskinstance.py:1382} INFO - Executing <Task(BashOperator): data_quality_check> on 2025-07-16 04:17:32.479374+00:00
[2025-07-16T04:17:35.447+0000] {standard_task_runner.py:57} INFO - Started process 215 to run task
[2025-07-16T04:17:35.450+0000] {standard_task_runner.py:84} INFO - Running: ['***', 'tasks', 'run', 'banking_data_quality_dag', 'data_quality_check', 'manual__2025-07-16T04:17:32.479374+00:00', '--job-id', '5', '--raw', '--subdir', 'DAGS_FOLDER/banking_dq_dag.py', '--cfg-path', '/tmp/tmpgqtw6pe8']
[2025-07-16T04:17:35.452+0000] {standard_task_runner.py:85} INFO - Job 5: Subtask data_quality_check
[2025-07-16T04:17:35.501+0000] {task_command.py:416} INFO - Running <TaskInstance: banking_data_quality_dag.data_quality_check manual__2025-07-16T04:17:32.479374+00:00 [running]> on host be9bd688ef95
[2025-07-16T04:17:35.580+0000] {taskinstance.py:1662} INFO - Exporting env vars: AIRFLOW_CTX_DAG_OWNER='***' AIRFLOW_CTX_DAG_ID='banking_data_quality_dag' AIRFLOW_CTX_TASK_ID='data_quality_check' AIRFLOW_CTX_EXECUTION_DATE='2025-07-16T04:17:32.479374+00:00' AIRFLOW_CTX_TRY_NUMBER='1' AIRFLOW_CTX_DAG_RUN_ID='manual__2025-07-16T04:17:32.479374+00:00'
[2025-07-16T04:17:35.581+0000] {subprocess.py:63} INFO - Tmp dir root location: /tmp
[2025-07-16T04:17:35.582+0000] {subprocess.py:75} INFO - Running command: ['/bin/bash', '-c', 'python /opt/***/jobs/data_quality_standards.py']
[2025-07-16T04:17:35.595+0000] {subprocess.py:86} INFO - Output:
[2025-07-16T04:17:36.634+0000] {subprocess.py:93} INFO - ✅ null_check passed for Customer.customer_id
[2025-07-16T04:17:36.635+0000] {subprocess.py:93} INFO - ✅ null_check passed for Customer.full_name
[2025-07-16T04:17:36.636+0000] {subprocess.py:93} INFO - ✅ null_check passed for Customer.gender
[2025-07-16T04:17:36.636+0000] {subprocess.py:93} INFO - ✅ null_check passed for Customer.national_id
[2025-07-16T04:17:36.636+0000] {subprocess.py:93} INFO - ✅ null_check passed for Customer.national_number
[2025-07-16T04:17:36.637+0000] {subprocess.py:93} INFO - ✅ null_check passed for Customer.date_of_birth
[2025-07-16T04:17:36.637+0000] {subprocess.py:93} INFO - ✅ null_check passed for Customer.country
[2025-07-16T04:17:36.637+0000] {subprocess.py:93} INFO - ✅ null_check passed for Customer.address
[2025-07-16T04:17:36.638+0000] {subprocess.py:93} INFO - ✅ null_check passed for Customer.email
[2025-07-16T04:17:36.639+0000] {subprocess.py:93} INFO - ✅ null_check passed for Customer.phone_number
[2025-07-16T04:17:36.639+0000] {subprocess.py:93} INFO - ✅ null_check passed for Customer.created_at
[2025-07-16T04:17:36.640+0000] {subprocess.py:93} INFO - ✅ null_check passed for Device.device_id
[2025-07-16T04:17:36.641+0000] {subprocess.py:93} INFO - ✅ null_check passed for Device.device_code
[2025-07-16T04:17:36.641+0000] {subprocess.py:93} INFO - ✅ null_check passed for Device.is_verified
[2025-07-16T04:17:36.642+0000] {subprocess.py:93} INFO - ✅ null_check passed for Device.created_at
[2025-07-16T04:17:36.642+0000] {subprocess.py:93} INFO - ✅ null_check passed for Account.account_id
[2025-07-16T04:17:36.642+0000] {subprocess.py:93} INFO - ✅ null_check passed for Account.customer_id
[2025-07-16T04:17:36.643+0000] {subprocess.py:93} INFO - ✅ null_check passed for Account.account_type
[2025-07-16T04:17:36.643+0000] {subprocess.py:93} INFO - ✅ null_check passed for Account.balance
[2025-07-16T04:17:36.643+0000] {subprocess.py:93} INFO - ✅ null_check passed for Account.status
[2025-07-16T04:17:36.644+0000] {subprocess.py:93} INFO - ✅ null_check passed for Account.created_at
[2025-07-16T04:17:36.644+0000] {subprocess.py:93} INFO - ✅ null_check passed for Transaction.transaction_id
[2025-07-16T04:17:36.645+0000] {subprocess.py:93} INFO - ✅ null_check passed for Transaction.account_id
[2025-07-16T04:17:36.645+0000] {subprocess.py:93} INFO - ✅ null_check passed for Transaction.device_id
[2025-07-16T04:17:36.646+0000] {subprocess.py:93} INFO - ✅ null_check passed for Transaction.amount
[2025-07-16T04:17:36.646+0000] {subprocess.py:93} INFO - ✅ null_check passed for Transaction.transaction_type
[2025-07-16T04:17:36.647+0000] {subprocess.py:93} INFO - ✅ null_check passed for Transaction.state
[2025-07-16T04:17:36.647+0000] {subprocess.py:93} INFO - ✅ null_check passed for Transaction.timestamp
[2025-07-16T04:17:36.648+0000] {subprocess.py:93} INFO - ✅ null_check passed for AuthLog.auth_log_id
[2025-07-16T04:17:36.648+0000] {subprocess.py:93} INFO - ✅ null_check passed for AuthLog.transaction_id
[2025-07-16T04:17:36.649+0000] {subprocess.py:93} INFO - ✅ null_check passed for AuthLog.auth_method
[2025-07-16T04:17:36.649+0000] {subprocess.py:93} INFO - ✅ null_check passed for AuthLog.auth_success
[2025-07-16T04:17:36.649+0000] {subprocess.py:93} INFO - ✅ null_check passed for AuthLog.auth_timestamp
[2025-07-16T04:17:36.650+0000] {subprocess.py:93} INFO - ✅ null_check passed for CustomerDevice.customer_id
[2025-07-16T04:17:36.650+0000] {subprocess.py:93} INFO - ✅ null_check passed for CustomerDevice.device_id
[2025-07-16T04:17:36.651+0000] {subprocess.py:93} INFO - ✅ null_check passed for CustomerDevice.is_trusted
[2025-07-16T04:17:36.651+0000] {subprocess.py:93} INFO - ✅ null_check passed for CustomerDevice.added_at
[2025-07-16T04:17:36.652+0000] {subprocess.py:93} INFO - ✅ uniqueness_check passed for Customer.national_number
[2025-07-16T04:17:36.653+0000] {subprocess.py:93} INFO - ✅ uniqueness_check passed for Customer.customer_id
[2025-07-16T04:17:36.653+0000] {subprocess.py:93} INFO - ✅ uniqueness_check passed for Device.device_id
[2025-07-16T04:17:36.654+0000] {subprocess.py:93} INFO - ✅ uniqueness_check passed for Account.account_id
[2025-07-16T04:17:36.654+0000] {subprocess.py:93} INFO - ✅ uniqueness_check passed for Transaction.transaction_id
[2025-07-16T04:17:36.655+0000] {subprocess.py:93} INFO - ✅ uniqueness_check passed for AuthLog.auth_log_id
[2025-07-16T04:17:36.655+0000] {subprocess.py:93} INFO - ✅ foreign_key_check passed for Account.customer_id
[2025-07-16T04:17:36.655+0000] {subprocess.py:93} INFO - ✅ foreign_key_check passed for Transaction.account_id
[2025-07-16T04:17:36.656+0000] {subprocess.py:93} INFO - ✅ foreign_key_check passed for Transaction.device_id
[2025-07-16T04:17:36.656+0000] {subprocess.py:93} INFO - ✅ foreign_key_check passed for AuthLog.transaction_id
[2025-07-16T04:17:36.656+0000] {subprocess.py:93} INFO - ✅ foreign_key_check passed for CustomerDevice.customer_id
[2025-07-16T04:17:36.657+0000] {subprocess.py:93} INFO - ✅ foreign_key_check passed for CustomerDevice.device_id
[2025-07-16T04:17:36.657+0000] {subprocess.py:93} INFO - ❌ Data quality issues found:
[2025-07-16T04:17:36.657+0000] {subprocess.py:93} INFO -          check_name  ...                              message
[2025-07-16T04:17:36.657+0000] {subprocess.py:93} INFO - 0  regex_check_cccd  ...  Invalid CCCD format (not 12 digits)
[2025-07-16T04:17:36.658+0000] {subprocess.py:93} INFO - 
[2025-07-16T04:17:36.658+0000] {subprocess.py:93} INFO - [1 rows x 6 columns]
[2025-07-16T04:17:36.730+0000] {subprocess.py:97} INFO - Command exited with return code 0
[2025-07-16T04:17:36.756+0000] {taskinstance.py:1400} INFO - Marking task as SUCCESS. dag_id=banking_data_quality_dag, task_id=data_quality_check, execution_date=20250716T041732, start_date=20250716T041735, end_date=20250716T041736
[2025-07-16T04:17:36.787+0000] {local_task_job_runner.py:228} INFO - Task exited with return code 0
[2025-07-16T04:17:36.811+0000] {taskinstance.py:2778} INFO - 1 downstream tasks scheduled from follow-on schedule check
