[2025-07-16T14:18:31.273+0000] {taskinstance.py:1159} INFO - Dependencies all met for dep_context=non-requeueable deps ti=<TaskInstance: banking_data_quality_dag.generate_data manual__2025-07-16T14:18:30+00:00 [queued]>
[2025-07-16T14:18:31.284+0000] {taskinstance.py:1159} INFO - Dependencies all met for dep_context=requeueable deps ti=<TaskInstance: banking_data_quality_dag.generate_data manual__2025-07-16T14:18:30+00:00 [queued]>
[2025-07-16T14:18:31.285+0000] {taskinstance.py:1361} INFO - Starting attempt 1 of 2
[2025-07-16T14:18:31.300+0000] {taskinstance.py:1382} INFO - Executing <Task(BashOperator): generate_data> on 2025-07-16 14:18:30+00:00
[2025-07-16T14:18:31.305+0000] {standard_task_runner.py:57} INFO - Started process 295 to run task
[2025-07-16T14:18:31.308+0000] {standard_task_runner.py:84} INFO - Running: ['***', 'tasks', 'run', 'banking_data_quality_dag', 'generate_data', 'manual__2025-07-16T14:18:30+00:00', '--job-id', '11', '--raw', '--subdir', 'DAGS_FOLDER/banking_dq_dag.py', '--cfg-path', '/tmp/tmpb9jcduza']
[2025-07-16T14:18:31.311+0000] {standard_task_runner.py:85} INFO - Job 11: Subtask generate_data
[2025-07-16T14:18:31.357+0000] {task_command.py:416} INFO - Running <TaskInstance: banking_data_quality_dag.generate_data manual__2025-07-16T14:18:30+00:00 [running]> on host be9bd688ef95
[2025-07-16T14:18:31.456+0000] {taskinstance.py:1662} INFO - Exporting env vars: AIRFLOW_CTX_DAG_OWNER='***' AIRFLOW_CTX_DAG_ID='banking_data_quality_dag' AIRFLOW_CTX_TASK_ID='generate_data' AIRFLOW_CTX_EXECUTION_DATE='2025-07-16T14:18:30+00:00' AIRFLOW_CTX_TRY_NUMBER='1' AIRFLOW_CTX_DAG_RUN_ID='manual__2025-07-16T14:18:30+00:00'
[2025-07-16T14:18:31.458+0000] {subprocess.py:63} INFO - Tmp dir root location: /tmp
[2025-07-16T14:18:31.460+0000] {subprocess.py:75} INFO - Running command: ['/bin/bash', '-c', 'python /opt/***/jobs/generate_data.py']
[2025-07-16T14:18:31.470+0000] {subprocess.py:86} INFO - Output:
[2025-07-16T14:18:32.630+0000] {subprocess.py:93} INFO - ✅ Exported: customers.csv
[2025-07-16T14:18:32.630+0000] {subprocess.py:93} INFO - ✅ Exported: devices.csv
[2025-07-16T14:18:32.631+0000] {subprocess.py:93} INFO - ✅ Exported: accounts.csv
[2025-07-16T14:18:32.631+0000] {subprocess.py:93} INFO - ✅ Exported: transactions.csv
[2025-07-16T14:18:32.632+0000] {subprocess.py:93} INFO - ✅ Exported: auth_logs.csv
[2025-07-16T14:18:32.633+0000] {subprocess.py:93} INFO - ✅ Exported: customer_device.csv
[2025-07-16T14:18:32.715+0000] {subprocess.py:97} INFO - Command exited with return code 0
[2025-07-16T14:18:32.742+0000] {taskinstance.py:1400} INFO - Marking task as SUCCESS. dag_id=banking_data_quality_dag, task_id=generate_data, execution_date=20250716T141830, start_date=20250716T141831, end_date=20250716T141832
[2025-07-16T14:18:32.767+0000] {local_task_job_runner.py:228} INFO - Task exited with return code 0
[2025-07-16T14:18:32.793+0000] {taskinstance.py:2778} INFO - 1 downstream tasks scheduled from follow-on schedule check
